

times in msec
 clock   self+sourced   self:  sourced script
 clock   elapsed:              other lines

000.007  000.007: --- NVIM STARTING ---
000.159  000.153: event init
000.234  000.075: early init
000.293  000.058: locale set
000.337  000.044: init first window
000.577  000.240: inits 1
000.586  000.008: window checked
000.587  000.001: parsing arguments
000.856  000.024  000.024: require('vim.shared')
000.913  000.025  000.025: require('vim._meta')
000.914  000.057  000.032: require('vim._editor')
000.915  000.118  000.038: require('vim._init_packages')
000.916  000.211: init lua interpreter
000.951  000.035: expanding arguments
000.966  000.015: inits 2
001.154  000.188: init highlight
001.155  000.001: waiting for UI
001.250  000.096: done waiting for UI
001.255  000.005: clear screen
001.265  000.003  000.003: require('vim.keymap')
001.364  000.106: init default mappings & autocommands
001.698  000.033  000.033: sourcing /usr/share/nvim/runtime/ftplugin.vim
001.728  000.016  000.016: sourcing /usr/share/nvim/runtime/indent.vim
001.834  000.066  000.066: require('mrsandman.bootstrap')
002.255  000.085  000.085: require('lazy')
002.289  000.014  000.014: require('ffi')
002.344  000.054  000.054: require('vim.loader')
002.407  000.029  000.029: require('vim.fs')
002.576  000.211  000.182: require('lazy.stats')
002.744  000.145  000.145: require('lazy.core.util')
002.862  000.117  000.117: require('lazy.core.config')
002.943  000.035  000.035: require('lazy.core.handler')
002.996  000.053  000.053: require('lazy.core.plugin')
003.001  000.137  000.049: require('lazy.core.loader')
003.495  000.075  000.075: require('mrsandman.customize')
003.574  000.076  000.076: require('mrsandman.functions')
003.576  000.243  000.091: require('plugins.aerial')
003.672  000.083  000.083: require('plugins.alpha')
003.732  000.047  000.047: require('plugins.auto-session')
003.779  000.039  000.039: require('plugins.autopairs')
003.817  000.032  000.032: require('plugins.better-escape')
003.918  000.095  000.095: require('plugins.cellular-automaton')
004.012  000.085  000.085: require('plugins.cokeline')
004.125  000.084  000.084: require('plugins.colors')
004.307  000.111  000.111: require('plugins.comment')
004.459  000.141  000.141: require('plugins.dap-lang')
004.955  000.053  000.053: require('plugins.dressing')
005.012  000.051  000.051: require('plugins.gitsigns')
005.082  000.058  000.058: require('plugins.glow')
005.136  000.049  000.049: require('plugins.hardtime')
005.188  000.047  000.047: require('plugins.harpoon')
005.218  000.025  000.025: require('plugins.hypersonic')
005.256  000.034  000.034: require('plugins.inc-rename')
005.283  000.022  000.022: require('plugins.indent-blankline')
005.307  000.021  000.021: require('plugins.lsp')
005.339  000.021  000.021: require('plugins.lualine')
005.371  000.028  000.028: require('plugins.mason')
005.399  000.024  000.024: require('plugins.mason-lspconfig')
005.425  000.022  000.022: require('plugins.mason-null-ls')
005.451  000.018  000.018: require('plugins.matchquote')
005.475  000.018  000.018: require('plugins.multicursors')
005.500  000.022  000.022: require('plugins.navic')
005.544  000.038  000.038: require('plugins.neotree')
005.616  000.041  000.041: require('plugins.no-neck-pain')
005.650  000.030  000.030: require('plugins.noice')
005.735  000.030  000.030: require('plugins.notify')
005.764  000.024  000.024: require('plugins.nui')
005.793  000.026  000.026: require('plugins.null-ls')
005.825  000.023  000.023: require('plugins.numb')
005.851  000.023  000.023: require('plugins.nvim-bqf')
005.937  000.039  000.039: require('custom.cmp')
005.939  000.085  000.046: require('plugins.nvim-cmp')
005.993  000.035  000.035: require('plugins.nvim-colorizer')
006.029  000.031  000.031: require('plugins.nvim-genghis')
006.086  000.051  000.051: require('plugins.nvim-lastplace')
006.144  000.052  000.052: require('plugins.nvim-lightbulb')
006.182  000.030  000.030: require('plugins.nvim-surround')
006.231  000.045  000.045: require('plugins.nvim-web-devicons')
006.274  000.037  000.037: require('plugins.oil')
006.420  000.037  000.037: require('plugins.overlength')
006.465  000.032  000.032: require('plugins.playground')
006.513  000.043  000.043: require('plugins.plenary')
006.563  000.044  000.044: require('plugins.rainbow-delimiters')
006.594  000.026  000.026: require('plugins.scrollbar')
006.635  000.037  000.037: require('plugins.tabout')
006.779  000.122  000.122: require('plugins.telescope')
006.923  000.066  000.066: require('plugins.tetris')
007.020  000.091  000.091: require('plugins.themer')
007.105  000.075  000.075: require('plugins.todo-comments')
007.148  000.034  000.034: require('plugins.tpope')
007.178  000.024  000.024: require('plugins.treesitter')
007.204  000.018  000.018: require('plugins.treesj')
007.225  000.018  000.018: require('plugins.trouble')
007.245  000.017  000.017: require('plugins.ts-context')
007.267  000.019  000.019: require('plugins.twilight')
007.289  000.018  000.018: require('plugins.undotree')
007.309  000.017  000.017: require('plugins.vim-be-good')
007.330  000.017  000.017: require('plugins.vim-illuminate')
007.350  000.017  000.017: require('plugins.vim-tmux')
007.371  000.018  000.018: require('plugins.vim-tmux-navigator')
007.391  000.017  000.017: require('plugins.which-key')
007.412  000.017  000.017: require('plugins.windows')
007.437  000.018  000.018: require('plugins.zen-mode')
008.004  000.033  000.033: require('lazy.core.handler.keys')
008.034  000.028  000.028: require('lazy.core.handler.cmd')
008.115  000.059  000.059: require('lazy.core.handler.event')
008.117  000.081  000.021: require('lazy.core.handler.ft')
009.339  000.036  000.036: sourcing /home/mrsandman/.local/share/nvim/lazy/rust.vim/ftdetect/rust.vim
009.618  000.067  000.067: sourcing /home/mrsandman/.local/share/nvim/lazy/vim-go/ftdetect/gofiletype.vim
009.805  000.142  000.142: sourcing /usr/share/nvim/runtime/filetype.lua
010.038  000.033  000.033: sourcing /home/mrsandman/.local/share/nvim/lazy/nvim-web-devicons/plugin/nvim-web-devicons.vim
010.387  000.011  000.011: require('vim.F')
010.401  000.331  000.320: require('alpha')
010.495  000.093  000.093: require('alpha.themes.dashboard')
010.706  000.045  000.045: sourcing /usr/share/nvim/runtime/plugin/editorconfig.lua
010.968  000.119  000.119: sourcing /usr/share/nvim/runtime/pack/dist/opt/matchit/plugin/matchit.vim
011.007  000.283  000.164: sourcing /usr/share/nvim/runtime/plugin/matchit.vim
011.136  000.114  000.114: sourcing /usr/share/nvim/runtime/plugin/matchparen.vim
011.377  000.223  000.223: sourcing /usr/share/nvim/runtime/plugin/netrwPlugin.vim
011.453  000.054  000.054: sourcing /usr/share/nvim/runtime/plugin/nvim.lua
011.603  000.106  000.106: sourcing /usr/share/nvim/runtime/plugin/rplugin.vim
011.681  000.039  000.039: sourcing /usr/share/nvim/runtime/plugin/shada.vim
011.719  000.014  000.014: sourcing /usr/share/nvim/runtime/plugin/spellfile.vim
011.797  000.050  000.050: sourcing /usr/share/nvim/runtime/plugin/tohtml.vim
011.881  010.045  004.595: require('mrsandman.lazy')
011.950  000.068  000.068: require('mrsandman.autocmds')
012.938  000.265  000.265: require('oil')
013.238  000.297  000.297: require('oil.config')
013.882  000.482  000.482: require('vim.filetype')
014.265  000.026  000.026: require('oil.constants')
014.276  000.109  000.083: require('oil.util')
014.280  002.087  000.933: require('oil')
014.437  002.485  000.398: require('mrsandman.keymaps')
014.883  000.008  000.008: sourcing /home/mrsandman/.local/share/nvim/lazy/which-key.nvim/plugin/which-key.vim
015.160  000.038  000.038: require('which-key.util')
015.163  000.074  000.036: require('which-key.tree')
015.277  000.113  000.113: require('which-key.config')
015.284  000.354  000.168: require('which-key.keys')
015.287  000.723  000.361: require('which-key')
015.990  000.034  000.034: require('vim.ui')
015.993  000.069  000.035: require('dressing.patch')
015.994  000.326  000.257: require('dressing')
016.005  000.362  000.036: sourcing /home/mrsandman/.local/share/nvim/lazy/dressing.nvim/plugin/dressing.lua
016.200  000.170  000.170: require('dressing.config')
016.495  000.064  000.064: require('genghis')
016.508  000.113  000.049: sourcing /home/mrsandman/.local/share/nvim/lazy/nvim-genghis/plugin/genghis.lua
016.523  001.231  000.587: require('genghis')
016.866  000.022  000.022: sourcing /home/mrsandman/.local/share/nvim/lazy/plenary.nvim/plugin/plenary.vim
016.933  000.014  000.014: sourcing /home/mrsandman/.local/share/nvim/lazy/todo-comments.nvim/plugin/todo.vim
017.223  000.039  000.039: require('todo-comments.util')
017.233  000.094  000.055: require('todo-comments.config')
017.334  000.070  000.070: require('todo-comments.highlight')
017.337  000.103  000.033: require('todo-comments.jump')
017.338  000.389  000.192: require('todo-comments')
017.348  000.823  000.398: require('todo-comments')
017.824  000.180  000.180: sourcing /home/mrsandman/.local/share/nvim/lazy/telescope.nvim/plugin/telescope.lua
018.714  000.155  000.155: require('plenary.bit')
018.740  000.024  000.024: require('plenary.functional')
018.755  000.460  000.281: require('plenary.path')
018.759  000.535  000.075: require('plenary.strings')
018.784  000.024  000.024: require('telescope.deprecated')
018.921  000.084  000.084: require('plenary.log')
018.954  000.136  000.052: require('telescope.log')
019.041  000.041  000.041: require('plenary.job')
019.067  000.024  000.024: require('telescope.state')
019.072  000.116  000.051: require('telescope.utils')
019.075  000.290  000.038: require('telescope.sorters')
019.136  000.055  000.055: require('vim.inspect')
020.213  002.090  001.186: require('telescope.config')
020.290  000.028  000.028: require('plenary.window.border')
020.324  000.033  000.033: require('plenary.window')
020.344  000.018  000.018: require('plenary.popup.utils')
020.346  000.129  000.050: require('plenary.popup')
020.367  000.020  000.020: require('telescope.pickers.scroller')
020.386  000.018  000.018: require('telescope.actions.state')
020.405  000.018  000.018: require('telescope.actions.utils')
020.447  000.020  000.020: require('telescope.actions.mt')
020.454  000.048  000.028: require('telescope.actions.set')
020.521  000.029  000.029: require('telescope.config.resolve')
020.523  000.068  000.039: require('telescope.pickers.entry_display')
020.545  000.021  000.021: require('telescope.from_entry')
020.656  002.791  000.379: require('telescope.actions')
020.724  000.036  000.036: require('telescope._extensions')
020.727  000.068  000.032: require('telescope')
021.580  000.024  000.024: require('plenary.tbl')
021.583  000.047  000.024: require('plenary.vararg.rotate')
021.584  000.071  000.024: require('plenary.vararg')
021.606  000.021  000.021: require('plenary.errors')
021.608  000.119  000.027: require('plenary.async.async')
021.631  000.022  000.022: require('plenary.async.structs')
021.635  000.176  000.035: require('plenary.async.control')
021.769  000.092  000.092: require('telescope.make_entry')
021.867  000.028  000.028: require('plenary.async.util')
021.869  000.051  000.023: require('plenary.async.tests')
021.870  000.075  000.024: require('plenary.async')
021.871  000.101  000.026: require('telescope.finders.async_static_finder')
021.962  000.031  000.031: require('plenary.class')
021.979  000.079  000.048: require('telescope._')
021.983  000.111  000.031: require('telescope.finders.async_oneshot_finder')
022.015  000.031  000.031: require('telescope.finders.async_job_finder')
022.020  000.384  000.050: require('telescope.finders')
022.203  000.078  000.078: require('telescope.debounce')
022.328  000.124  000.124: require('telescope.mappings')
022.377  000.047  000.047: require('telescope.pickers.highlights')
022.406  000.028  000.028: require('telescope.pickers.window')
022.480  000.040  000.040: require('telescope.algos.linked_list')
022.483  000.076  000.036: require('telescope.entry_manager')
022.514  000.030  000.030: require('telescope.pickers.multi')
022.528  000.507  000.124: require('telescope.pickers')
022.543  001.134  000.068: require('telescope.builtin.__lsp')
022.554  005.200  001.026: require('telescope.builtin')
022.571  008.080  000.103: require('custom.which-key')
023.210  000.227  000.227: require('last-color')
023.225  000.268  000.041: sourcing /home/mrsandman/.local/share/nvim/lazy/last-color.nvim/plugin/last-color.vim
023.253  000.514  000.245: require('last-color')
024.346  000.098  000.098: require('tokyonight.treesitter')
024.350  000.143  000.045: require('tokyonight.util')
024.668  000.188  000.188: require('tokyonight.colors')
024.675  000.324  000.136: require('tokyonight.theme')
025.087  000.411  000.411: require('tokyonight.config')
025.091  001.038  000.160: require('tokyonight')
025.672  000.084  000.084: require('vim.diagnostic')
025.798  000.021  000.021: require('vim.treesitter.language')
025.805  000.058  000.037: require('vim.treesitter.query')
025.827  000.021  000.021: require('vim.treesitter._range')
025.831  000.119  000.040: require('vim.treesitter.languagetree')
025.835  000.155  000.036: require('vim.treesitter')
025.869  000.034  000.034: require('vim.treesitter.highlighter')
026.678  001.482  001.209: sourcing /home/mrsandman/.local/share/nvim/lazy/tokyonight.nvim/colors/tokyonight.lua
027.047  004.465  001.432: require('custom.colors')
027.754  000.043  000.043: sourcing /home/mrsandman/.local/share/nvim/lazy/virtual-types.nvim/plugin/virtualtypes.vim
028.063  000.007  000.007: sourcing /home/mrsandman/.local/share/nvim/lazy/nvim-code-action-menu/plugin/code_action_menu.vim
028.521  000.274  000.274: require('lsp-colors')
028.585  000.351  000.078: sourcing /home/mrsandman/.local/share/nvim/lazy/lsp-colors.nvim/plugin/lsp-colors.vim
028.967  000.062  000.062: require('vim.lsp.log')
029.169  000.200  000.200: require('vim.lsp.protocol')
029.292  000.043  000.043: require('vim.lsp._snippet')
029.315  000.021  000.021: require('vim.highlight')
029.323  000.152  000.087: require('vim.lsp.util')
029.334  000.471  000.057: require('vim.lsp.handlers')
029.379  000.044  000.044: require('vim.lsp.rpc')
029.402  000.021  000.021: require('vim.lsp.sync')
029.439  000.036  000.036: require('vim.lsp.semantic_tokens')
029.477  000.036  000.036: require('vim.lsp.buf')
029.500  000.022  000.022: require('vim.lsp.diagnostic')
029.525  000.024  000.024: require('vim.lsp.codelens')
029.544  000.843  000.187: require('vim.lsp')
029.573  000.026  000.026: require('vim.version')
030.361  001.730  000.861: sourcing /home/mrsandman/.local/share/nvim/lazy/nvim-lspconfig/plugin/lspconfig.lua
030.537  000.036  000.036: require('nvim-navic.lib')
030.540  000.143  000.107: require('nvim-navic')
030.547  003.459  001.184: require('nvim-navic')
030.765  000.126  000.126: require('lspconfig.util')
030.768  000.171  000.045: require('lspconfig.configs')
030.770  000.222  000.051: require('lspconfig')
030.806  000.034  000.034: require('lspconfig.server_configurations.lua_ls')
031.004  000.085  000.085: require('lspconfig.server_configurations.rust_analyzer')
031.443  000.034  000.034: require('lspconfig.server_configurations.pylsp')
031.561  000.032  000.032: require('lspconfig.server_configurations.vimls')
031.699  000.030  000.030: require('lspconfig.server_configurations.marksman')
031.817  000.037  000.037: require('lspconfig.server_configurations.ocamlls')
031.879  000.030  000.030: require('lspconfig.server_configurations.clangd')
031.947  000.025  000.025: require('lspconfig.server_configurations.neocmake')
032.054  000.027  000.027: require('lspconfig.server_configurations.emmet_ls')
032.127  000.029  000.029: require('lspconfig.server_configurations.cssls')
032.231  000.038  000.038: require('lspconfig.server_configurations.eslint')
032.439  000.053  000.053: require('lspconfig.server_configurations.tsserver')
032.533  000.030  000.030: require('lspconfig.server_configurations.bashls')
032.596  000.032  000.032: require('lspconfig.server_configurations.ansiblels')
032.765  000.089  000.089: require('lspconfig.server_configurations.yamlls')
032.883  000.030  000.030: require('lspconfig.server_configurations.ruby_ls')
032.947  005.898  001.581: require('custom.lsp')
033.568  000.261  000.261: require('lualine_require')
033.776  000.781  000.520: require('lualine')
038.455  000.046  000.046: require('lazy.status')
038.567  005.619  004.792: require('custom.lualine')
038.902  000.271  000.271: require('cokeline/utils')
039.869  000.621  000.621: require('nvim-web-devicons')
039.994  000.122  000.122: require('cokeline.utils')
040.304  000.309  000.309: require('plenary.iterators')
040.313  001.131  000.078: require('cokeline/buffers')
040.322  001.418  000.287: require('cokeline/mappings')
040.767  000.155  000.155: require('cokeline.buffers')
040.770  000.249  000.095: require('cokeline/tabs')
040.772  000.321  000.072: require('cokeline/augroups')
040.846  000.020  000.020: require('cokeline/hlgroups')
040.848  000.049  000.029: require('cokeline/components')
040.866  000.017  000.017: require('cokeline/sliders')
040.873  000.100  000.034: require('cokeline/config')
040.938  000.018  000.018: require('cokeline/context')
040.940  000.042  000.024: require('cokeline/sidebar')
040.959  000.019  000.019: require('cokeline/rhs')
040.981  000.021  000.021: require('cokeline.tabs')
040.983  000.109  000.027: require('cokeline/rendering')
041.542  000.073  000.073: require('cokeline.rendering')
041.546  000.562  000.489: require('cokeline/hover')
041.572  000.025  000.025: require('cokeline/history')
041.596  000.022  000.022: require('cokeline/handlers')
041.598  001.247  000.107: require('cokeline')
041.640  000.021  000.021: require('plenary')
041.895  003.324  000.367: require('custom.cokeline')
041.897  027.458  000.072: require('custom')
042.982  000.056  000.056: sourcing /home/mrsandman/.local/share/nvim/lazy/nvim-dap/plugin/dap.lua
043.409  000.029  000.029: require('dap.utils')
043.422  000.131  000.102: require('dap')
043.427  000.426  000.295: require('nvim-dap-virtual-text')
043.565  000.023  000.023: require('dapui.async.tasks')
043.588  000.022  000.022: require('dapui.async.control')
043.697  000.108  000.108: require('dapui.async.uv')
043.724  000.025  000.025: require('dapui.async.tests')
043.745  000.020  000.020: require('dapui.async.ui')
043.766  000.021  000.021: require('dapui.async.lsp')
043.770  000.253  000.035: require('dapui.async')
043.873  000.031  000.031: require('dapui.config.highlights')
043.981  000.184  000.152: require('dapui.config')
043.985  000.215  000.031: require('dapui.util')
044.019  000.033  000.033: require('dapui.windows.layout')
044.022  000.535  000.034: require('dapui.windows')
044.048  000.026  000.026: require('dapui.controls')
044.051  000.599  000.038: require('dapui')
044.172  000.035  000.035: require('dapui.logging')
044.211  000.038  000.038: require('dapui.client.types')
044.213  000.108  000.035: require('dapui.client')
044.239  000.025  000.025: require('dap.breakpoints')
044.265  000.022  000.022: require('dapui.client.lib')
044.315  000.027  000.027: require('dapui.render.canvas')
044.317  000.048  000.021: require('dapui.elements.breakpoints')
044.346  000.023  000.023: require('dapui.components.breakpoints')
044.390  000.024  000.024: require('dapui.elements.repl')
044.411  000.019  000.019: require('dapui.elements.scopes')
044.444  000.028  000.028: require('dapui.components.scopes')
044.466  000.021  000.021: require('dapui.components.variables')
044.489  000.017  000.017: require('dapui.elements.stacks')
044.567  000.036  000.036: require('dapui.components.frames')
044.569  000.068  000.032: require('dapui.components.threads')
044.596  000.020  000.020: require('dapui.elements.watches')
044.623  000.022  000.022: require('dapui.components.watches')
044.650  000.021  000.021: require('dapui.elements.hover')
044.687  000.023  000.023: require('dapui.components.hover')
044.710  000.021  000.021: require('dapui.elements.console')
044.766  002.795  001.205: require('dap')
044.768  002.841  000.046: require('langs.lua')
044.849  000.048  000.048: require('dap-go')
044.878  000.109  000.061: require('langs.go')
044.880  002.982  000.031: require('langs')
045.540  000.033  000.033: require('notify.util.queue')
045.543  000.079  000.046: require('notify.util')
045.592  000.048  000.048: require('notify.config.highlights')
045.607  000.195  000.067: require('notify.config')
045.681  000.032  000.032: require('notify.stages')
045.709  000.027  000.027: require('notify.service.notification')
045.804  000.019  000.019: require('notify.animate.spring')
045.806  000.057  000.038: require('notify.animate')
045.808  000.098  000.041: require('notify.windows')
045.893  000.026  000.026: require('notify.service.buffer.highlights')
045.896  000.063  000.037: require('notify.service.buffer')
045.897  000.088  000.025: require('notify.service')
045.924  000.026  000.026: require('notify.stages.util')
045.925  000.317  000.046: require('notify.instance')
045.927  000.734  000.221: require('notify')
045.961  000.023  000.023: require('notify.stages.fade')
046.047  000.022  000.022: require('telescope.previewers.previewer')
046.112  000.064  000.064: require('telescope.previewers.term_previewer')
046.297  000.024  000.024: require('plenary.context_manager')
046.959  000.026  000.026: require('treesitter-context.cache')
046.987  000.374  000.348: require('treesitter-context')
046.989  000.383  000.009: sourcing /home/mrsandman/.local/share/nvim/lazy/nvim-treesitter-context/plugin/treesitter-context.vim
047.514  000.038  000.038: require('nvim-treesitter.utils')
047.908  000.392  000.392: require('nvim-treesitter.parsers')
048.062  000.030  000.030: require('nvim-treesitter.compat')
048.128  000.037  000.037: require('nvim-treesitter.ts_utils')
048.131  000.068  000.031: require('nvim-treesitter.tsrange')
048.158  000.026  000.026: require('nvim-treesitter.caching')
048.164  000.169  000.045: require('nvim-treesitter.query')
048.174  000.224  000.056: require('nvim-treesitter.configs')
048.177  000.267  000.042: require('nvim-treesitter.info')
048.220  000.043  000.043: require('nvim-treesitter.shell_command_selectors')
048.233  000.820  000.081: require('nvim-treesitter.install')
048.259  000.025  000.025: require('nvim-treesitter.statusline')
048.293  000.033  000.033: require('nvim-treesitter.query_predicates')
048.295  000.907  000.030: require('nvim-treesitter')
048.296  001.151  000.243: require('ts_context_commentstring')
048.298  001.159  000.009: sourcing /home/mrsandman/.local/share/nvim/lazy/nvim-ts-context-commentstring/plugin/ts_context_commentstring.vim
048.542  000.200  000.200: sourcing /home/mrsandman/.local/share/nvim/lazy/nvim-treesitter/plugin/nvim-treesitter.lua
048.864  002.565  000.823: require('nvim-treesitter')
048.868  002.631  000.042: require('telescope.previewers.utils')
049.783  000.914  000.914: require('plenary.filetype')
049.846  000.061  000.061: require('plenary.scandir')
049.879  003.765  000.160: require('telescope.previewers.buffer_previewer')
049.881  003.885  000.034: require('telescope.previewers')
049.886  003.918  000.033: require('telescope._extensions.notify')
049.897  004.889  000.215: require('notify')
049.901  005.021  000.132: require('mrsandman.set')
049.902  048.146  000.021: sourcing /home/mrsandman/.config/nvim/init.lua
049.906  000.347: sourcing vimrc file(s)
050.086  000.044  000.044: sourcing /usr/share/nvim/runtime/filetype.lua
050.277  000.068  000.068: sourcing /usr/share/nvim/runtime/syntax/synload.vim
050.332  000.218  000.150: sourcing /usr/share/nvim/runtime/syntax/syntax.vim
050.339  000.171: inits 3
053.240  002.901: reading ShaDa
053.392  000.152: opening buffers
053.493  000.101: BufEnter autocommands
053.498  000.004: editing files in windows
053.687  000.094  000.094: require('dap.ui')
053.709  000.201  000.107: require('dap.repl')


times in msec
 clock   self+sourced   self:  sourced script
 clock   elapsed:              other lines

000.005  000.005: --- NVIM STARTING ---
000.115  000.111: event init
000.172  000.057: early init
000.212  000.039: locale set
000.245  000.033: init first window
000.432  000.188: inits 1
000.436  000.004: window checked
000.439  000.002: parsing arguments
000.722  000.022  000.022: require('vim.shared')
000.780  000.024  000.024: require('vim._meta')
000.781  000.056  000.032: require('vim._editor')
000.782  000.117  000.039: require('vim._init_packages')
000.783  000.227: init lua interpreter
001.616  000.834: expanding arguments
001.641  000.025: inits 2
001.838  000.197: init highlight
