

times in msec
 clock   self+sourced   self:  sourced script
 clock   elapsed:              other lines

000.007  000.007: --- NVIM STARTING ---
000.160  000.154: event init
000.239  000.078: early init
000.302  000.063: locale set
000.342  000.040: init first window
000.588  000.246: inits 1
000.596  000.008: window checked
000.598  000.001: parsing arguments
000.849  000.019  000.019: require('vim.shared')
000.907  000.024  000.024: require('vim._meta')
000.908  000.057  000.033: require('vim._editor')
000.908  000.113  000.036: require('vim._init_packages')
000.909  000.199: init lua interpreter
000.941  000.032: expanding arguments
000.959  000.018: inits 2
001.140  000.182: init highlight
001.141  000.001: waiting for UI
001.246  000.105: done waiting for UI
001.251  000.005: clear screen
001.264  000.006  000.006: require('vim.keymap')
001.370  000.113: init default mappings & autocommands
001.714  000.033  000.033: sourcing /usr/share/nvim/runtime/ftplugin.vim
001.744  000.016  000.016: sourcing /usr/share/nvim/runtime/indent.vim
001.848  000.066  000.066: require('mrsandman.bootstrap')
002.221  000.061  000.061: require('lazy')
002.242  000.013  000.013: require('ffi')
002.273  000.029  000.029: require('vim.loader')
002.308  000.016  000.016: require('vim.fs')
002.408  000.125  000.109: require('lazy.stats')
002.524  000.102  000.102: require('lazy.core.util')
002.603  000.078  000.078: require('lazy.core.config')
002.688  000.032  000.032: require('lazy.core.handler')
002.733  000.044  000.044: require('lazy.core.plugin')
002.737  000.134  000.057: require('lazy.core.loader')
003.359  000.079  000.079: require('mrsandman.customize')
003.402  000.041  000.041: require('mrsandman.functions')
003.404  000.161  000.041: require('plugins.aerial')
003.493  000.077  000.077: require('plugins.alpha')
003.539  000.037  000.037: require('plugins.auto-session')
003.573  000.028  000.028: require('plugins.autopairs')
003.611  000.033  000.033: require('plugins.better-escape')
003.687  000.071  000.071: require('plugins.cellular-automaton')
003.775  000.081  000.081: require('plugins.cokeline')
003.905  000.110  000.110: require('plugins.colors')
004.198  000.035  000.035: require('plugins.comment')
004.243  000.038  000.038: require('plugins.dap')
004.541  000.045  000.045: require('plugins.discord')
004.570  000.024  000.024: require('plugins.dressing')
004.595  000.021  000.021: require('plugins.dropbar')
004.623  000.025  000.025: require('plugins.executor')
004.665  000.038  000.038: require('plugins.flit')
004.690  000.022  000.022: require('plugins.git-blame')
004.718  000.024  000.024: require('plugins.gitlinker')
004.752  000.024  000.024: require('plugins.gitsigns')
004.776  000.020  000.020: require('plugins.glow')
004.796  000.017  000.017: require('plugins.go')
004.818  000.020  000.020: require('plugins.hardtime')
004.901  000.080  000.080: require('plugins.harpoon')
004.939  000.033  000.033: require('plugins.hl-args')
005.022  000.047  000.047: require('plugins.hl-undo')
005.064  000.034  000.034: require('plugins.hypersonic')
005.117  000.048  000.048: require('plugins.inc-rename')
005.155  000.034  000.034: require('plugins.indentscope')
005.208  000.045  000.045: require('plugins.iswap')
005.249  000.038  000.038: require('plugins.langs')
005.289  000.023  000.023: require('plugins.leap')
005.329  000.037  000.037: require('plugins.leap-spooky')
005.397  000.064  000.064: require('plugins.live-server')
005.434  000.033  000.033: require('plugins.lsp')
005.526  000.057  000.057: require('plugins.lualine')
005.564  000.034  000.034: require('plugins.mason')
005.592  000.023  000.023: require('plugins.mason-lspconfig')
005.620  000.025  000.025: require('plugins.matchquote')
005.657  000.033  000.033: require('plugins.multicursors')
005.778  000.047  000.047: require('plugins.navic')
005.837  000.050  000.050: require('plugins.neotree')
005.893  000.047  000.047: require('plugins.no-neck-pain')
005.939  000.041  000.041: require('plugins.noice')
005.974  000.029  000.029: require('plugins.notify')
006.005  000.026  000.026: require('plugins.nui')
006.061  000.031  000.031: require('plugins.numb')
006.094  000.028  000.028: require('plugins.nvim-bqf')
006.274  000.122  000.122: require('custom.cmp')
006.275  000.160  000.038: require('plugins.nvim-cmp')
006.504  000.093  000.093: require('plugins.nvim-colorizer')
006.579  000.062  000.062: require('plugins.nvim-cursorword')
006.638  000.053  000.053: require('plugins.nvim-genghis')
006.666  000.023  000.023: require('plugins.nvim-lastplace')
006.696  000.028  000.028: require('plugins.nvim-lightbulb')
006.719  000.018  000.018: require('plugins.nvim-lint')
006.744  000.020  000.020: require('plugins.nvim-surround')
006.767  000.019  000.019: require('plugins.nvim-web-devicons')
006.845  000.026  000.026: require('plugins.obsidian')
006.893  000.039  000.039: require('plugins.oil')
006.956  000.025  000.025: require('plugins.overlength')
006.988  000.024  000.024: require('plugins.playground')
007.008  000.017  000.017: require('plugins.plenary')
007.030  000.018  000.018: require('plugins.rainbow-delimiters')
007.050  000.017  000.017: require('plugins.scrollbar')
007.073  000.020  000.020: require('plugins.smoothcursor')
007.092  000.017  000.017: require('plugins.specs')
007.115  000.019  000.019: require('plugins.tabout')
007.923  000.145  000.145: require('telescope.state')
008.583  000.132  000.132: require('plenary.bit')
008.742  000.157  000.157: require('plenary.functional')
008.754  000.456  000.167: require('plenary.path')
008.758  000.676  000.220: require('plenary.strings')
008.899  000.140  000.140: require('telescope.deprecated')
009.466  000.004  000.004: require('vim.F')
009.485  000.211  000.207: require('plenary.log')
009.515  000.402  000.191: require('telescope.log')
009.883  000.212  000.212: require('plenary.job')
009.895  000.379  000.167: require('telescope.utils')
009.906  001.005  000.224: require('telescope.sorters')
009.981  000.068  000.068: require('vim.inspect')
011.097  003.172  001.282: require('telescope.config')
011.101  003.482  000.165: require('telescope.actions.state')
011.392  000.123  000.123: require('telescope.config.resolve')
011.507  000.106  000.106: require('telescope.pickers.window')
011.530  000.428  000.198: require('telescope.pickers.layout_strategies')
011.658  000.127  000.127: require('telescope.actions.mt')
011.668  004.425  000.389: require('telescope.actions.layout')
011.805  000.135  000.135: require('telescope.builtin')
011.808  004.596  000.036: require('plugins.telescope')
011.871  000.023  000.023: require('plugins.tetris')
011.896  000.021  000.021: require('plugins.themer')
011.920  000.020  000.020: require('plugins.todo-comments')
012.000  000.036  000.036: require('plugins.treesitter')
012.029  000.021  000.021: require('plugins.treesj')
012.053  000.018  000.018: require('plugins.trouble')
012.072  000.016  000.016: require('plugins.ts-context')
012.092  000.017  000.017: require('plugins.twilight')
012.142  000.021  000.021: require('plugins.undotree')
012.163  000.016  000.016: require('plugins.vim-be-good')
012.187  000.016  000.016: require('plugins.vim-sleuth')
012.208  000.018  000.018: require('plugins.vim-tmux')
012.226  000.016  000.016: require('plugins.vim-tmux-navigator')
012.254  000.025  000.025: require('plugins.vim-vinegar')
012.277  000.018  000.018: require('plugins.vim-visual-multi')
012.296  000.016  000.016: require('plugins.which-key')
012.352  000.020  000.020: require('plugins.windows')
012.450  000.024  000.024: require('plugins.zen-mode')
013.303  000.043  000.043: require('lazy.core.handler.event')
013.306  000.078  000.036: require('lazy.core.handler.ft')
013.336  000.027  000.027: require('lazy.core.handler.keys')
013.373  000.035  000.035: require('lazy.core.handler.cmd')
013.485  000.052  000.052: sourcing /home/mrsandman/.local/share/nvim/lazy/go.nvim/ftdetect/filetype.vim
014.018  000.022  000.022: sourcing /home/mrsandman/.local/share/nvim/lazy/rust.vim/ftdetect/rust.vim
015.197  000.081  000.081: sourcing /usr/share/nvim/runtime/filetype.lua
015.477  000.025  000.025: sourcing /home/mrsandman/.local/share/nvim/lazy/nvim-web-devicons/plugin/nvim-web-devicons.vim
015.795  000.284  000.284: require('alpha')
015.859  000.061  000.061: require('alpha.themes.dashboard')
016.125  000.127  000.127: require('flit')
016.436  000.064  000.064: sourcing /home/mrsandman/.local/share/nvim/lazy/nvim-cursorword/plugin/nvim-cursorword.lua
016.726  000.154  000.154: require('leap-spooky')
017.892  000.011  000.011: sourcing /home/mrsandman/.local/share/nvim/lazy/which-key.nvim/plugin/which-key.vim
018.062  000.031  000.031: sourcing /home/mrsandman/.local/share/nvim/lazy/dropbar.nvim/plugin/dropbar.lua
018.337  000.167  000.167: sourcing /home/mrsandman/.local/share/nvim/lazy/leap.nvim/plugin/init.lua
018.586  000.200  000.200: require('leap')
018.619  000.030  000.030: require('leap.user')
018.696  000.027  000.027: sourcing /usr/share/nvim/runtime/plugin/editorconfig.lua
018.950  000.117  000.117: sourcing /usr/share/nvim/runtime/pack/dist/opt/matchit/plugin/matchit.vim
018.962  000.250  000.133: sourcing /usr/share/nvim/runtime/plugin/matchit.vim
019.072  000.093  000.093: sourcing /usr/share/nvim/runtime/plugin/matchparen.vim
019.328  000.241  000.241: sourcing /usr/share/nvim/runtime/plugin/netrwPlugin.vim
019.388  000.039  000.039: sourcing /usr/share/nvim/runtime/plugin/nvim.lua
019.509  000.104  000.104: sourcing /usr/share/nvim/runtime/plugin/rplugin.vim
019.572  000.041  000.041: sourcing /usr/share/nvim/runtime/plugin/shada.vim
019.614  000.015  000.015: sourcing /usr/share/nvim/runtime/plugin/spellfile.vim
019.686  000.052  000.052: sourcing /usr/share/nvim/runtime/plugin/tohtml.vim
019.767  017.918  007.473: require('mrsandman.lazy')
019.822  000.052  000.052: require('mrsandman.autocmds')
019.844  000.021  000.021: require('langs')
020.006  000.160  000.160: require('mrsandman.set')
020.505  000.497  000.497: require('mrsandman.keymaps')
020.706  000.024  000.024: require('which-key.util')
020.709  000.047  000.023: require('which-key.tree')
020.800  000.090  000.090: require('which-key.config')
020.804  000.177  000.040: require('which-key.keys')
020.806  000.248  000.072: require('which-key')
020.820  000.287  000.039: require('custom.which-key')
021.392  000.022  000.022: sourcing /home/mrsandman/.local/share/nvim/lazy/plenary.nvim/plugin/plenary.vim
021.584  000.152  000.152: sourcing /home/mrsandman/.local/share/nvim/lazy/telescope.nvim/plugin/telescope.lua
021.987  000.035  000.035: require('plenary.window.border')
022.008  000.019  000.019: require('plenary.window')
022.027  000.018  000.018: require('plenary.popup.utils')
022.029  000.164  000.094: require('plenary.popup')
022.055  000.025  000.025: require('telescope.pickers.scroller')
022.080  000.024  000.024: require('telescope.actions.utils')
022.124  000.043  000.043: require('telescope.actions.set')
022.155  000.030  000.030: require('telescope.pickers.entry_display')
022.179  000.023  000.023: require('telescope.from_entry')
022.330  000.722  000.412: require('telescope.actions')
022.400  000.028  000.028: require('telescope._extensions')
022.402  000.069  000.041: require('telescope')
023.159  002.310  001.346: require('telescope.actions')
023.497  000.026  000.026: require('plenary.tbl')
023.500  000.058  000.033: require('plenary.vararg.rotate')
023.501  000.094  000.035: require('plenary.vararg')
023.528  000.026  000.026: require('plenary.errors')
023.531  000.168  000.049: require('plenary.async.async')
023.667  000.039  000.039: require('plenary.async.structs')
023.672  000.081  000.043: require('plenary.async.control')
023.675  000.119  000.037: require('plenary.async.util')
023.678  000.146  000.027: require('plenary.async.tests')
023.679  000.389  000.075: require('plenary.async')
023.722  000.042  000.042: require('telescope.debounce')
023.801  000.078  000.078: require('telescope.mappings')
023.857  000.055  000.055: require('telescope.pickers.highlights')
023.933  000.041  000.041: require('telescope.algos.linked_list')
023.936  000.077  000.037: require('telescope.entry_manager')
023.967  000.030  000.030: require('telescope.pickers.multi')
023.989  000.828  000.157: require('telescope.pickers')
024.278  000.250  000.250: require('telescope.make_entry')
024.433  000.154  000.154: require('telescope.finders.async_static_finder')
024.928  000.129  000.129: require('plenary.class')
024.940  000.259  000.131: require('telescope._')
024.943  000.509  000.249: require('telescope.finders.async_oneshot_finder')
024.990  000.047  000.047: require('telescope.finders.async_job_finder')
025.000  001.010  000.051: require('telescope.finders')
025.534  000.145  000.145: require('last-color')
025.546  000.174  000.029: sourcing /home/mrsandman/.local/share/nvim/lazy/last-color.nvim/plugin/last-color.vim
025.566  000.384  000.210: require('last-color')
026.513  000.037  000.037: require('oxocarbon.colorutils')
027.009  000.657  000.619: require('oxocarbon')
027.012  000.695  000.038: sourcing /home/mrsandman/.local/share/nvim/lazy/oxocarbon.nvim/colors/oxocarbon.lua
027.479  006.658  001.431: require('custom.colors')
027.754  000.236  000.236: require('cokeline/utils')
028.144  000.193  000.193: require('nvim-web-devicons')
028.225  000.078  000.078: require('vim.diagnostic')
028.248  000.022  000.022: require('cokeline.utils')
028.285  000.036  000.036: require('plenary.iterators')
028.289  000.370  000.041: require('cokeline/buffers')
028.290  000.534  000.165: require('cokeline/mappings')
028.411  000.042  000.042: require('cokeline.buffers')
028.414  000.066  000.024: require('cokeline/tabs')
028.415  000.090  000.024: require('cokeline/augroups')
028.504  000.018  000.018: require('cokeline/hlgroups')
028.507  000.060  000.042: require('cokeline/components')
028.524  000.016  000.016: require('cokeline/sliders')
028.529  000.113  000.037: require('cokeline/config')
028.607  000.033  000.033: require('cokeline/context')
028.608  000.054  000.021: require('cokeline/sidebar')
028.627  000.017  000.017: require('cokeline/rhs')
028.647  000.019  000.019: require('cokeline.tabs')
028.649  000.119  000.028: require('cokeline/rendering')
028.697  000.022  000.022: require('vim.version')
029.546  000.085  000.085: require('cokeline.rendering')
029.550  000.900  000.793: require('cokeline/hover')
029.578  000.027  000.027: require('cokeline/history')
029.606  000.026  000.026: require('cokeline/handlers')
029.608  001.303  000.028: require('cokeline')
029.671  000.026  000.026: require('plenary')
029.903  002.421  000.323: require('custom.cokeline')
029.905  009.397  000.030: require('custom')
029.906  028.134  000.021: sourcing /home/mrsandman/.config/nvim/init.lua
029.911  000.357: sourcing vimrc file(s)
030.020  000.026  000.026: sourcing /usr/share/nvim/runtime/filetype.lua
030.161  000.053  000.053: sourcing /usr/share/nvim/runtime/syntax/synload.vim
030.216  000.168  000.115: sourcing /usr/share/nvim/runtime/syntax/syntax.vim
030.222  000.117: inits 3
032.981  002.759: reading ShaDa
033.103  000.122: opening buffers
033.119  000.016: BufEnter autocommands
033.120  000.002: editing files in windows


times in msec
 clock   self+sourced   self:  sourced script
 clock   elapsed:              other lines

000.009  000.009: --- NVIM STARTING ---
000.145  000.135: event init
000.236  000.091: early init
000.298  000.062: locale set
000.340  000.043: init first window
000.562  000.221: inits 1
000.569  000.007: window checked
000.571  000.002: parsing arguments
000.868  000.027  000.027: require('vim.shared')
000.928  000.026  000.026: require('vim._meta')
000.929  000.059  000.034: require('vim._editor')
000.930  000.128  000.041: require('vim._init_packages')
000.931  000.232: init lua interpreter
001.467  000.536: expanding arguments
001.496  000.029: inits 2
001.717  000.221: init highlight
